<?xml version="1.0" encoding="UTF-8"?>
<testng-results ignored="0" total="1" passed="1" failed="0" skipped="0">
  <reporter-output>
  </reporter-output>
  <suite started-at="2023-08-29T11:03:04 IST" name="Default suite" finished-at="2023-08-29T11:03:24 IST" duration-ms="20255">
    <groups>
    </groups>
    <test started-at="2023-08-29T11:03:04 IST" name="Default test" finished-at="2023-08-29T11:03:24 IST" duration-ms="20255">
      <class name="VtigerFinalTestScript.CreateOrganizationTest">
        <test-method is-config="true" signature="classSetup()[pri:0, instance:VtigerFinalTestScript.CreateOrganizationTest@f5958c9]" started-at="2023-08-29T11:03:04 IST" name="classSetup" finished-at="2023-08-29T11:03:06 IST" duration-ms="2215" status="PASS">
          <reporter-output>
          </reporter-output>
        </test-method> <!-- classSetup -->
        <test-method is-config="true" signature="methodSetup()[pri:0, instance:VtigerFinalTestScript.CreateOrganizationTest@f5958c9]" started-at="2023-08-29T11:03:06 IST" name="methodSetup" finished-at="2023-08-29T11:03:11 IST" duration-ms="4681" status="PASS">
          <reporter-output>
          </reporter-output>
        </test-method> <!-- methodSetup -->
        <test-method signature="createOrgTest()[pri:0, instance:VtigerFinalTestScript.CreateOrganizationTest@f5958c9]" started-at="2023-08-29T11:03:11 IST" name="createOrgTest" finished-at="2023-08-29T11:03:22 IST" duration-ms="11212" status="PASS">
          <reporter-output>
          </reporter-output>
        </test-method> <!-- createOrgTest -->
        <test-method is-config="true" signature="methodTearDown()[pri:0, instance:VtigerFinalTestScript.CreateOrganizationTest@f5958c9]" started-at="2023-08-29T11:03:22 IST" name="methodTearDown" finished-at="2023-08-29T11:03:24 IST" duration-ms="1899" status="PASS">
          <reporter-output>
          </reporter-output>
        </test-method> <!-- methodTearDown -->
        <test-method is-config="true" signature="classTearDown()[pri:0, instance:VtigerFinalTestScript.CreateOrganizationTest@f5958c9]" started-at="2023-08-29T11:03:24 IST" name="classTearDown" finished-at="2023-08-29T11:03:24 IST" duration-ms="186" status="PASS">
          <reporter-output>
          </reporter-output>
        </test-method> <!-- classTearDown -->
      </class> <!-- VtigerFinalTestScript.CreateOrganizationTest -->
    </test> <!-- Default test -->
  </suite> <!-- Default suite -->
</testng-results>
