<?xml version="1.0" encoding="UTF-8"?>
<testng-results ignored="0" total="2" passed="2" failed="0" skipped="0">
  <reporter-output>
  </reporter-output>
  <suite started-at="2023-08-08T09:09:08 IST" name="Default suite" finished-at="2023-08-08T09:09:44 IST" duration-ms="35965">
    <groups>
    </groups>
    <test started-at="2023-08-08T09:09:08 IST" name="Default test" finished-at="2023-08-08T09:09:44 IST" duration-ms="35965">
      <class name="dataProviders.ActiTimeLogintest">
        <test-method signature="actitimeLogin(java.lang.String,java.lang.String)[pri:0, instance:dataProviders.ActiTimeLogintest@36ebc363]" started-at="2023-08-08T09:09:08 IST" name="actitimeLogin" data-provider="loginData" finished-at="2023-08-08T09:09:26 IST" duration-ms="17943" status="PASS">
          <params>
            <param index="0">
              <value>
                <![CDATA[admin]]>
              </value>
            </param>
            <param index="1">
              <value>
                <![CDATA[manager]]>
              </value>
            </param>
          </params>
          <reporter-output>
          </reporter-output>
        </test-method> <!-- actitimeLogin -->
        <test-method signature="actitimeLogin(java.lang.String,java.lang.String)[pri:0, instance:dataProviders.ActiTimeLogintest@36ebc363]" started-at="2023-08-08T09:09:26 IST" name="actitimeLogin" data-provider="loginData" finished-at="2023-08-08T09:09:44 IST" duration-ms="17949" status="PASS">
          <params>
            <param index="0">
              <value>
                <![CDATA[trainee]]>
              </value>
            </param>
            <param index="1">
              <value>
                <![CDATA[trainee]]>
              </value>
            </param>
          </params>
          <reporter-output>
          </reporter-output>
        </test-method> <!-- actitimeLogin -->
      </class> <!-- dataProviders.ActiTimeLogintest -->
    </test> <!-- Default test -->
  </suite> <!-- Default suite -->
</testng-results>
